<?xml version="1.0" encoding="UTF-8"?>
<!-- Generated by org.testng.reporters.JUnitReportReporter -->
<testsuite hostname="DESKTOP-2SEOHB6" failures="0" tests="1" name="testCases.TC_002_TestingSearchProduct" time="19.928" errors="0" timestamp="2024-11-28T22:12:15 GMT-08:00" skipped="0">
  <testcase classname="testCases.TC_002_TestingSearchProduct" name="TesingMobile" time="19.928"/>
</testsuite> <!-- testCases.TC_002_TestingSearchProduct -->
